{"name": "test_search_field_attribute", "status": "failed", "statusDetails": {"message": "AssertionError: assert False == None\n  +False\n  -None", "trace": "set_up = None\n\n    @allure.description(\"Check for search field don't have attribute max length\")\n    @allure.severity(severity_level=\"NORMAL\")\n    def test_search_field_attribute(set_up):\n        search_field = driver.find_element(*WebElements.search_field)\n>       assert False == search_field.get_attribute('maxlength')\nE       assert False == None\nE         +False\nE         -None\n\ntest_mainpage.py:36: AssertionError"}, "description": "Check for search field don't have attribute max length", "start": 1615486179790, "stop": 1615486179820, "uuid": "648487f6-d4c5-4378-99cd-ee43a134974e", "historyId": "2f1d3a684c06f5a52e77e9d9cb2e3eb1", "testCaseId": "c94217f8e670c230304bd00889229863", "fullName": "test_mainpage#test_search_field_attribute", "labels": [{"name": "severity", "value": "NORMAL"}, {"name": "suite", "value": "test_mainpage"}, {"name": "host", "value": "User-ПК"}, {"name": "thread", "value": "644-MainThread"}, {"name": "framework", "value": "pytest"}, {"name": "language", "value": "cpython3"}, {"name": "package", "value": "test_mainpage"}]}