{"name": "test_search_field_is_enabled", "status": "failed", "statusDetails": {"message": "AssertionError: assert 'True' == True\n  +'True'\n  -True", "trace": "set_up = None\n\n    @allure.description(\"Check for search field is enabled\")\n    @allure.severity(severity_level=\"NORMAL\")\n    def test_search_field_is_enabled(set_up):\n        # check search field exists on  page\n>       assert 'True' == driver.find_element(*WebElements.search_field).is_enabled()\nE       AssertionError: assert 'True' == True\nE         +'True'\nE         -True\n\ntest_mainpage.py:29: AssertionError"}, "description": "Check for search field is enabled", "start": 1615485867750, "stop": 1615485867782, "uuid": "064b4034-ac05-4e68-90c8-c5015ebad21a", "historyId": "81a8c8cacffec77a87d8529c55caf13c", "testCaseId": "d815afa205d099785fb297a8cb3a7f4a", "fullName": "test_mainpage#test_search_field_is_enabled", "labels": [{"name": "severity", "value": "NORMAL"}, {"name": "suite", "value": "test_mainpage"}, {"name": "host", "value": "User-ПК"}, {"name": "thread", "value": "6708-MainThread"}, {"name": "framework", "value": "pytest"}, {"name": "language", "value": "cpython3"}, {"name": "package", "value": "test_mainpage"}]}