{"name": "test_search_field_is_displayed", "status": "failed", "statusDetails": {"message": "AssertionError: assert 'True' == True\n  +'True'\n  -True", "trace": "set_up = None\n\n    @allure.description(\"Check for search field is displayed\")\n    @allure.severity(severity_level=\"NORMAL\")\n    def test_search_field_is_displayed(set_up):\n        # check search field exists on  page\n>       assert 'True' == driver.find_element(*WebElements.search_field).is_displayed()\nE       AssertionError: assert 'True' == True\nE         +'True'\nE         -True\n\ntest_mainpage.py:22: AssertionError"}, "description": "Check for search field is displayed", "start": 1615485859944, "stop": 1615485860020, "uuid": "f9637d8c-da53-4a4e-832d-f7ce85e05552", "historyId": "9f7fc87f991c4cc82c63e224d4009b61", "testCaseId": "4a01d129d995b50a21afe105f1f0f468", "fullName": "test_mainpage#test_search_field_is_displayed", "labels": [{"name": "severity", "value": "NORMAL"}, {"name": "suite", "value": "test_mainpage"}, {"name": "host", "value": "User-ПК"}, {"name": "thread", "value": "6708-MainThread"}, {"name": "framework", "value": "pytest"}, {"name": "language", "value": "cpython3"}, {"name": "package", "value": "test_mainpage"}]}